[INFO] Scanning for projects...
[INFO] 
[INFO] -------------------------< com.pfa:elearning >--------------------------
[INFO] Building elearning 0.0.1-SNAPSHOT
[INFO]   from pom.xml
[INFO] --------------------------------[ jar ]---------------------------------
[INFO] 
[INFO] >>> spring-boot:3.2.5:run (default-cli) > test-compile @ elearning >>>
[INFO] 
[INFO] --- resources:3.3.1:resources (default-resources) @ elearning ---
[INFO] Copying 1 resource from src\main\resources to target\classes
[INFO] Copying 1 resource from src\main\resources to target\classes
[INFO] 
[INFO] --- compiler:3.11.0:compile (default-compile) @ elearning ---
[INFO] Nothing to compile - all classes are up to date
[INFO] 
[INFO] --- resources:3.3.1:testResources (default-testResources) @ elearning ---
[INFO] skip non existing resourceDirectory C:\Users\bahlo\OneDrive\Desktop\PFA\elearning-backend\src\test\resources
[INFO] 
[INFO] --- compiler:3.11.0:testCompile (default-testCompile) @ elearning ---
[INFO] No sources to compile
[INFO] 
[INFO] <<< spring-boot:3.2.5:run (default-cli) < test-compile @ elearning <<<
[INFO] 
[INFO] 
[INFO] --- spring-boot:3.2.5:run (default-cli) @ elearning ---
[INFO] Attaching agents: []

  .   ____          _            __ _ _
 /\\ / ___'_ __ _ _(_)_ __  __ _ \ \ \ \
( ( )\___ | '_ | '_| | '_ \/ _` | \ \ \ \
 \\/  ___)| |_)| | | | | || (_| |  ) ) ) )
  '  |____| .__|_| |_|_| |_\__, | / / / /
 =========|_|==============|___/=/_/_/_/
 :: Spring Boot ::                (v3.2.5)

2026-04-01T21:37:46.059+01:00  INFO 34948 --- [           main] com.pfa.elearning.ElearningApplication   : Starting ElearningApplication using Java 21.0.8 with PID 34948 (C:\Users\bahlo\OneDrive\Desktop\PFA\elearning-backend\target\classes started by bahlo in C:\Users\bahlo\OneDrive\Desktop\PFA\elearning-backend)
2026-04-01T21:37:46.060+01:00 DEBUG 34948 --- [           main] com.pfa.elearning.ElearningApplication   : Running with Spring Boot v3.2.5, Spring v6.1.6
2026-04-01T21:37:46.060+01:00  INFO 34948 --- [           main] com.pfa.elearning.ElearningApplication   : No active profile set, falling back to 1 default profile: "default"
2026-04-01T21:37:46.601+01:00  INFO 34948 --- [           main] .s.d.r.c.RepositoryConfigurationDelegate : Bootstrapping Spring Data JPA repositories in DEFAULT mode.
2026-04-01T21:37:46.725+01:00  INFO 34948 --- [           main] .s.d.r.c.RepositoryConfigurationDelegate : Finished Spring Data repository scanning in 119 ms. Found 9 JPA repository interfaces.
2026-04-01T21:37:47.187+01:00  INFO 34948 --- [           main] o.s.b.w.embedded.tomcat.TomcatWebServer  : Tomcat initialized with port 8081 (http)
2026-04-01T21:37:47.195+01:00  INFO 34948 --- [           main] o.apache.catalina.core.StandardService   : Starting service [Tomcat]
2026-04-01T21:37:47.195+01:00  INFO 34948 --- [           main] o.apache.catalina.core.StandardEngine    : Starting Servlet engine: [Apache Tomcat/10.1.20]
2026-04-01T21:37:47.239+01:00  INFO 34948 --- [           main] o.a.c.c.C.[Tomcat].[localhost].[/]       : Initializing Spring embedded WebApplicationContext
2026-04-01T21:37:47.241+01:00  INFO 34948 --- [           main] w.s.c.ServletWebServerApplicationContext : Root WebApplicationContext: initialization completed in 1143 ms
2026-04-01T21:37:47.301+01:00  INFO 34948 --- [           main] com.zaxxer.hikari.HikariDataSource       : HikariPool-1 - Starting...
2026-04-01T21:37:47.429+01:00  INFO 34948 --- [           main] com.zaxxer.hikari.pool.HikariPool        : HikariPool-1 - Added connection org.postgresql.jdbc.PgConnection@1511d157
2026-04-01T21:37:47.430+01:00  INFO 34948 --- [           main] com.zaxxer.hikari.HikariDataSource       : HikariPool-1 - Start completed.
2026-04-01T21:37:47.488+01:00  INFO 34948 --- [           main] o.hibernate.jpa.internal.util.LogHelper  : HHH000204: Processing PersistenceUnitInfo [name: default]
2026-04-01T21:37:47.522+01:00  INFO 34948 --- [           main] org.hibernate.Version                    : HHH000412: Hibernate ORM core version 6.4.4.Final
2026-04-01T21:37:47.541+01:00  INFO 34948 --- [           main] o.h.c.internal.RegionFactoryInitiator    : HHH000026: Second-level cache disabled
2026-04-01T21:37:47.697+01:00  INFO 34948 --- [           main] o.s.o.j.p.SpringPersistenceUnitInfo      : No LoadTimeWeaver setup: ignoring JPA class transformer
2026-04-01T21:37:47.731+01:00  WARN 34948 --- [           main] org.hibernate.orm.deprecation            : HHH90000025: PostgreSQLDialect does not need to be specified explicitly using 'hibernate.dialect' (remove the property setting and it will be selected by default)
2026-04-01T21:37:48.517+01:00  INFO 34948 --- [           main] o.h.e.t.j.p.i.JtaPlatformInitiator       : HHH000489: No JTA platform available (set 'hibernate.transaction.jta.platform' to enable JTA platform integration)
2026-04-01T21:37:48.652+01:00  INFO 34948 --- [           main] j.LocalContainerEntityManagerFactoryBean : Initialized JPA EntityManagerFactory for persistence unit 'default'
2026-04-01T21:37:48.890+01:00 DEBUG 34948 --- [           main] c.p.e.security.JwtAuthenticationFilter   : Filter 'jwtAuthenticationFilter' configured for use
2026-04-01T21:37:48.929+01:00  INFO 34948 --- [           main] o.s.d.j.r.query.QueryEnhancerFactory     : Hibernate is in classpath; If applicable, HQL parser will be used.
2026-04-01T21:37:50.390+01:00  WARN 34948 --- [           main] JpaBaseConfiguration$JpaWebConfiguration : spring.jpa.open-in-view is enabled by default. Therefore, database queries may be performed during view rendering. Explicitly configure spring.jpa.open-in-view to disable this warning
2026-04-01T21:37:50.782+01:00  INFO 34948 --- [           main] o.s.s.web.DefaultSecurityFilterChain     : Will secure any request with [org.springframework.security.web.session.DisableEncodeUrlFilter@2c9b96af, org.springframework.security.web.context.request.async.WebAsyncManagerIntegrationFilter@340c211e, org.springframework.security.web.context.SecurityContextHolderFilter@4de37f33, org.springframework.security.web.header.HeaderWriterFilter@43f88cba, org.springframework.web.filter.CorsFilter@36545439, org.springframework.security.web.authentication.logout.LogoutFilter@4a7c88f2, com.pfa.elearning.security.JwtAuthenticationFilter@3d0697da, org.springframework.security.web.savedrequest.RequestCacheAwareFilter@7cb8ae89, org.springframework.security.web.servletapi.SecurityContextHolderAwareRequestFilter@bf56981, org.springframework.security.web.authentication.AnonymousAuthenticationFilter@1856a312, org.springframework.security.web.session.SessionManagementFilter@7fa1004, org.springframework.security.web.access.ExceptionTranslationFilter@104ea372, org.springframework.security.web.access.intercept.AuthorizationFilter@223459f]
2026-04-01T21:37:53.265+01:00  WARN 34948 --- [           main] ConfigServletWebServerApplicationContext : Exception encountered during context initialization - cancelling refresh attempt: org.springframework.context.ApplicationContextException: Failed to start bean 'webServerStartStop'
2026-04-01T21:37:53.269+01:00  INFO 34948 --- [           main] j.LocalContainerEntityManagerFactoryBean : Closing JPA EntityManagerFactory for persistence unit 'default'
2026-04-01T21:37:53.271+01:00  INFO 34948 --- [           main] com.zaxxer.hikari.HikariDataSource       : HikariPool-1 - Shutdown initiated...
2026-04-01T21:37:53.276+01:00  INFO 34948 --- [           main] com.zaxxer.hikari.HikariDataSource       : HikariPool-1 - Shutdown completed.
2026-04-01T21:37:53.292+01:00  INFO 34948 --- [           main] .s.b.a.l.ConditionEvaluationReportLogger : 

Error starting ApplicationContext. To display the condition evaluation report re-run your application with 'debug' enabled.
2026-04-01T21:37:53.315+01:00 ERROR 34948 --- [           main] o.s.b.d.LoggingFailureAnalysisReporter   : 

***************************
APPLICATION FAILED TO START
***************************

Description:

Web server failed to start. Port 8081 was already in use.

Action:

Identify and stop the process that's listening on port 8081 or configure this application to listen on another port.

[INFO] ------------------------------------------------------------------------
[INFO] BUILD FAILURE
[INFO] ------------------------------------------------------------------------
[INFO] Total time:  11.298 s
[INFO] Finished at: 2026-04-01T21:37:54+01:00
[INFO] ------------------------------------------------------------------------
[ERROR] Failed to execute goal org.springframework.boot:spring-boot-maven-plugin:3.2.5:run (default-cli) on project elearning: Process terminated with exit code: 1 -> [Help 1]
[ERROR] 
[ERROR] To see the full stack trace of the errors, re-run Maven with the -e switch.
[ERROR] Re-run Maven using the -X switch to enable full debug logging.
[ERROR] 
[ERROR] For more information about the errors and possible solutions, please read the following articles:
[ERROR] [Help 1] http://cwiki.apache.org/confluence/display/MAVEN/MojoExecutionException
